<?xml version="1.0" encoding="UTF-8"?>
<testng-results skipped="0" failed="0" ignored="0" total="1" passed="1">
  <reporter-output>
  </reporter-output>
  <suite name="Default suite" duration-ms="92392" started-at="2019-08-27T04:52:53Z" finished-at="2019-08-27T04:54:26Z">
    <groups>
    </groups>
    <test name="Default test" duration-ms="92392" started-at="2019-08-27T04:52:53Z" finished-at="2019-08-27T04:54:26Z">
      <class name="com.training.sanity.tests.TC_RetailTest">
        <test-method status="PASS" signature="setUpBeforeClass()[pri:0, instance:com.training.sanity.tests.TC_RetailTest@3e6fa38a]" name="setUpBeforeClass" is-config="true" duration-ms="19" started-at="2019-08-27T04:52:53Z" finished-at="2019-08-27T04:52:53Z">
          <reporter-output>
          </reporter-output>
        </test-method> <!-- setUpBeforeClass -->
        <test-method status="PASS" signature="setUp()[pri:0, instance:com.training.sanity.tests.TC_RetailTest@3e6fa38a]" name="setUp" is-config="true" duration-ms="47125" started-at="2019-08-27T04:52:53Z" finished-at="2019-08-27T04:53:40Z">
          <reporter-output>
          </reporter-output>
        </test-method> <!-- setUp -->
        <test-method status="PASS" signature="AddtoCart()[pri:0, instance:com.training.sanity.tests.TC_RetailTest@3e6fa38a]" name="AddtoCart" duration-ms="43461" started-at="2019-08-27T04:53:41Z" finished-at="2019-08-27T04:54:24Z">
          <reporter-output>
          </reporter-output>
        </test-method> <!-- AddtoCart -->
        <test-method status="PASS" signature="tearDown()[pri:0, instance:com.training.sanity.tests.TC_RetailTest@3e6fa38a]" name="tearDown" is-config="true" duration-ms="1765" started-at="2019-08-27T04:54:24Z" finished-at="2019-08-27T04:54:26Z">
          <reporter-output>
          </reporter-output>
        </test-method> <!-- tearDown -->
      </class> <!-- com.training.sanity.tests.TC_RetailTest -->
    </test> <!-- Default test -->
  </suite> <!-- Default suite -->
</testng-results>
